Determining if the pthread_create exist failed with the following output:
Change Dir: /home/drhysjones/git/catkin_ws/build/CMakeFiles/CMakeTmp

Run Build Command:"/usr/bin/make" "cmTC_27c8c/fast"
/usr/bin/make -f CMakeFiles/cmTC_27c8c.dir/build.make CMakeFiles/cmTC_27c8c.dir/build
make[1]: Entering directory '/home/drhysjones/git/catkin_ws/build/CMakeFiles/CMakeTmp'
Building C object CMakeFiles/cmTC_27c8c.dir/CheckSymbolExists.c.o
/usr/bin/cc    -o CMakeFiles/cmTC_27c8c.dir/CheckSymbolExists.c.o   -c /home/drhysjones/git/catkin_ws/build/CMakeFiles/CMakeTmp/CheckSymbolExists.c
Linking C executable cmTC_27c8c
/usr/bin/cmake -E cmake_link_script CMakeFiles/cmTC_27c8c.dir/link.txt --verbose=1
/usr/bin/cc      -rdynamic CMakeFiles/cmTC_27c8c.dir/CheckSymbolExists.c.o  -o cmTC_27c8c 
CMakeFiles/cmTC_27c8c.dir/CheckSymbolExists.c.o: In function `main':
CheckSymbolExists.c:(.text+0x1b): undefined reference to `pthread_create'
collect2: error: ld returned 1 exit status
CMakeFiles/cmTC_27c8c.dir/build.make:97: recipe for target 'cmTC_27c8c' failed
make[1]: *** [cmTC_27c8c] Error 1
make[1]: Leaving directory '/home/drhysjones/git/catkin_ws/build/CMakeFiles/CMakeTmp'
Makefile:126: recipe for target 'cmTC_27c8c/fast' failed
make: *** [cmTC_27c8c/fast] Error 2

File /home/drhysjones/git/catkin_ws/build/CMakeFiles/CMakeTmp/CheckSymbolExists.c:
/* */
#include <pthread.h>

int main(int argc, char** argv)
{
  (void)argv;
#ifndef pthread_create
  return ((int*)(&pthread_create))[argc];
#else
  (void)argc;
  return 0;
#endif
}

Determining if the function pthread_create exists in the pthreads failed with the following output:
Change Dir: /home/drhysjones/git/catkin_ws/build/CMakeFiles/CMakeTmp

Run Build Command:"/usr/bin/make" "cmTC_db67c/fast"
/usr/bin/make -f CMakeFiles/cmTC_db67c.dir/build.make CMakeFiles/cmTC_db67c.dir/build
make[1]: Entering directory '/home/drhysjones/git/catkin_ws/build/CMakeFiles/CMakeTmp'
Building C object CMakeFiles/cmTC_db67c.dir/CheckFunctionExists.c.o
/usr/bin/cc   -DCHECK_FUNCTION_EXISTS=pthread_create   -o CMakeFiles/cmTC_db67c.dir/CheckFunctionExists.c.o   -c /usr/share/cmake-3.10/Modules/CheckFunctionExists.c
Linking C executable cmTC_db67c
/usr/bin/cmake -E cmake_link_script CMakeFiles/cmTC_db67c.dir/link.txt --verbose=1
/usr/bin/cc  -DCHECK_FUNCTION_EXISTS=pthread_create    -rdynamic CMakeFiles/cmTC_db67c.dir/CheckFunctionExists.c.o  -o cmTC_db67c -lpthreads 
/usr/bin/x86_64-linux-gnu-ld: cannot find -lpthreads
collect2: error: ld returned 1 exit status
CMakeFiles/cmTC_db67c.dir/build.make:97: recipe for target 'cmTC_db67c' failed
make[1]: *** [cmTC_db67c] Error 1
make[1]: Leaving directory '/home/drhysjones/git/catkin_ws/build/CMakeFiles/CMakeTmp'
Makefile:126: recipe for target 'cmTC_db67c/fast' failed
make: *** [cmTC_db67c/fast] Error 2


